0 info it worked if it ends with ok
1 verbose cli [ 'C:\\Users\\fopl\\Documents\\node-v7.4.0-win-x64\\node.exe',
1 verbose cli   'C:\\Users\\fopl\\Documents\\node-v7.4.0-win-x64\\node_modules\\npm\\bin\\npm-cli.js',
1 verbose cli   'run',
1 verbose cli   'test' ]
2 info using npm@4.0.5
3 info using node@v7.4.0
4 verbose run-script [ 'pretest', 'test', 'posttest' ]
5 info lifecycle @~pretest: @
6 silly lifecycle @~pretest: no script for pretest, continuing
7 info lifecycle @~test: @
8 verbose lifecycle @~test: unsafe-perm in lifecycle true
9 verbose lifecycle @~test: PATH: C:\Users\fopl\Documents\node-v7.4.0-win-x64\node_modules\npm\bin\node-gyp-bin;C:\Users\fopl\projects\cassino-dashboard\node_modules\.bin;C:\Users\fopl\AppData\Local\Programs\Git\cmd;C:\ProgramData\Oracle\Java\javapath;C:\Windows\system32;C:\Windows;C:\Windows\System32\Wbem;C:\Windows\System32\WindowsPowerShell\v1.0\;C:\Windows\CCM;C:\Windows\CCM;C:\Program Files\Borland\StarTeam SDK 14.0\lib;C:\Program Files\Borland\StarTeam SDK 14.0\bin;C:\ProgramData\Oracle\Java\javapath;C:\Windows\system32;C:\Windows;C:\Windows\System32\Wbem;C:\Windows\System32\WindowsPowerShell\v1.0\;C:\Windows\CCM;C:\Windows\CCM;C:\Program Files\Borland\StarTeam SDK 14.0\lib;C:\Program Files\Borland\StarTeam SDK 14.0\bin;C:\Users\fopl\AppData\Local\Programs\Git\cmd;C:\Users\fopl\Documents\node-v7.4.0-win-x64;C:\Users\fopl\Documents\npm-4.1.1
10 verbose lifecycle @~test: CWD: C:\Users\fopl\projects\cassino-dashboard
11 silly lifecycle @~test: Args: [ '/d /s /c', 'gulp test' ]
12 silly lifecycle @~test: Returned: code: 1  signal: null
13 info lifecycle @~test: Failed to exec test script
14 verbose stack Error: @ test: `gulp test`
14 verbose stack Exit status 1
14 verbose stack     at EventEmitter.<anonymous> (C:\Users\fopl\Documents\node-v7.4.0-win-x64\node_modules\npm\lib\utils\lifecycle.js:279:16)
14 verbose stack     at emitTwo (events.js:106:13)
14 verbose stack     at EventEmitter.emit (events.js:191:7)
14 verbose stack     at ChildProcess.<anonymous> (C:\Users\fopl\Documents\node-v7.4.0-win-x64\node_modules\npm\lib\utils\spawn.js:40:14)
14 verbose stack     at emitTwo (events.js:106:13)
14 verbose stack     at ChildProcess.emit (events.js:191:7)
14 verbose stack     at maybeClose (internal/child_process.js:885:16)
14 verbose stack     at Process.ChildProcess._handle.onexit (internal/child_process.js:226:5)
15 verbose pkgid @
16 verbose cwd C:\Users\fopl\projects\cassino-dashboard
17 error Windows_NT 6.3.9600
18 error argv "C:\\Users\\fopl\\Documents\\node-v7.4.0-win-x64\\node.exe" "C:\\Users\\fopl\\Documents\\node-v7.4.0-win-x64\\node_modules\\npm\\bin\\npm-cli.js" "run" "test"
19 error node v7.4.0
20 error npm  v4.0.5
21 error code ELIFECYCLE
22 error @ test: `gulp test`
22 error Exit status 1
23 error Failed at the @ test script 'gulp test'.
23 error Make sure you have the latest version of node.js and npm installed.
23 error If you do, this is most likely a problem with the  package,
23 error not with npm itself.
23 error Tell the author that this fails on your system:
23 error     gulp test
23 error You can get information on how to open an issue for this project with:
23 error     npm bugs
23 error Or if that isn't available, you can get their info via:
23 error     npm owner ls
23 error There is likely additional logging output above.
24 verbose exit [ 1, true ]
